<?xml version="1.0" encoding="UTF-8"?>
<!-- Generated by org.testng.reporters.JUnitXMLReporter -->
<testsuite ignored="0" hostname="gvig-macbookpro1.roam.corp.google.com" failures="1" tests="1" name="ChromeTest" time="23.332" errors="0" timestamp="2024-09-05T23:16:45 IST">
  <testcase classname="testCases.AccRegTest" name="newAccRegTest" time="12.452">
    <failure type="java.lang.AssertionError" message="expected:&amp;lt;Your Account Has Been Created!&amp;gt; but was:&amp;lt;Your Account Has Been Created!!&amp;gt;">
      <![CDATA[java.lang.AssertionError: expected:<Your Account Has Been Created!> but was:<Your Account Has Been Created!!>
at testCases.AccRegTest.newAccRegTest(AccRegTest.java:35)
at java.base/java.util.ArrayList.forEach(ArrayList.java:1597)
at java.base/java.util.concurrent.FutureTask.run(FutureTask.java:317)
at java.base/java.util.concurrent.ThreadPoolExecutor.runWorker(ThreadPoolExecutor.java:1144)
at java.base/java.util.concurrent.ThreadPoolExecutor$Worker.run(ThreadPoolExecutor.java:642)
at java.base/java.lang.Thread.run(Thread.java:1570)
... Removed 18 stack frames]]>
    </failure>
  </testcase> <!-- newAccRegTest -->
</testsuite> <!-- ChromeTest -->
