<?xml version="1.0" encoding="UTF-8"?>
<!-- Generated by org.testng.reporters.JUnitXMLReporter -->
<testsuite ignored="0" hostname="Dhinesh-PC" failures="0" tests="3" name="Test" time="38.039" errors="0" timestamp="2024-10-17T14:33:35 IST">
  <testcase classname="testCases.LoginTest" name="verifyLogin" time="6.768"/>
  <testcase classname="testCases.LoginTest" name="verifyLogin" time="21.518"/>
  <testcase classname="testCases.AccRegTest" name="newAccRegTest" time="3.801"/>
</testsuite> <!-- Test -->
