<?xml version="1.0" encoding="UTF-8"?>
<!-- Generated by org.testng.reporters.JUnitXMLReporter -->
<testsuite ignored="0" hostname="gvig-macbookpro1.roam.corp.google.com" failures="0" tests="3" name="Test" time="27.934" errors="0" timestamp="2024-09-08T14:24:05 IST">
  <testcase classname="testCases.LoginTest" name="verifyLogin" time="1.927"/>
  <testcase classname="testCases.LoginTest" name="verifyLogin" time="20.764"/>
  <testcase classname="testCases.AccRegTest" name="newAccRegTest" time="1.837"/>
</testsuite> <!-- Test -->
