<?xml version="1.0" encoding="UTF-8"?>
<testng-results ignored="0" total="3" passed="3" failed="0" skipped="0">
  <reporter-output>
  </reporter-output>
  <suite started-at="2024-09-08T14:23:37 IST" name="Suite" finished-at="2024-09-08T14:24:05 IST" duration-ms="27934">
    <groups>
      <group name="Master">
        <method signature="AccRegTest.newAccRegTest()[pri:0, instance:testCases.AccRegTest@40dff0b7]" name="newAccRegTest" class="testCases.AccRegTest"/>
        <method signature="LoginTest.verifyLogin(java.lang.String,java.lang.String,java.lang.String)[pri:0, instance:testCases.LoginTest@2dd29a59]" name="verifyLogin" class="testCases.LoginTest"/>
      </group> <!-- Master -->
      <group name="Sanity">
        <method signature="AccRegTest.newAccRegTest()[pri:0, instance:testCases.AccRegTest@40dff0b7]" name="newAccRegTest" class="testCases.AccRegTest"/>
      </group> <!-- Sanity -->
      <group name="DDT">
        <method signature="LoginTest.verifyLogin(java.lang.String,java.lang.String,java.lang.String)[pri:0, instance:testCases.LoginTest@2dd29a59]" name="verifyLogin" class="testCases.LoginTest"/>
      </group> <!-- DDT -->
      <group name="Regression">
        <method signature="AccRegTest.newAccRegTest()[pri:0, instance:testCases.AccRegTest@40dff0b7]" name="newAccRegTest" class="testCases.AccRegTest"/>
        <method signature="LoginTest.verifyLogin(java.lang.String,java.lang.String,java.lang.String)[pri:0, instance:testCases.LoginTest@2dd29a59]" name="verifyLogin" class="testCases.LoginTest"/>
      </group> <!-- Regression -->
    </groups>
    <test started-at="2024-09-08T14:23:37 IST" name="Test" finished-at="2024-09-08T14:24:05 IST" duration-ms="27934">
      <class name="testCases.AccRegTest">
        <test-method is-config="true" signature="setup(java.lang.String,java.lang.String)[pri:0, instance:testCases.AccRegTest@40dff0b7]" started-at="2024-09-08T14:24:02 IST" name="setup" finished-at="2024-09-08T14:24:03 IST" duration-ms="1158" status="PASS">
          <params>
            <param index="0">
              <value>
                <![CDATA[chrome]]>
              </value>
            </param>
            <param index="1">
              <value>
                <![CDATA[Windows]]>
              </value>
            </param>
          </params>
          <reporter-output>
          </reporter-output>
        </test-method> <!-- setup -->
        <test-method signature="newAccRegTest()[pri:0, instance:testCases.AccRegTest@40dff0b7]" started-at="2024-09-08T14:24:03 IST" name="newAccRegTest" finished-at="2024-09-08T14:24:05 IST" duration-ms="1837" status="PASS">
          <reporter-output>
          </reporter-output>
        </test-method> <!-- newAccRegTest -->
        <test-method is-config="true" signature="flush()[pri:0, instance:testCases.AccRegTest@40dff0b7]" started-at="2024-09-08T14:24:05 IST" name="flush" finished-at="2024-09-08T14:24:05 IST" duration-ms="122" status="PASS">
          <reporter-output>
          </reporter-output>
        </test-method> <!-- flush -->
      </class> <!-- testCases.AccRegTest -->
      <class name="testCases.LoginTest">
        <test-method is-config="true" signature="setup(java.lang.String,java.lang.String)[pri:0, instance:testCases.LoginTest@2dd29a59]" started-at="2024-09-08T14:23:37 IST" name="setup" finished-at="2024-09-08T14:23:38 IST" duration-ms="1496" status="PASS">
          <params>
            <param index="0">
              <value>
                <![CDATA[chrome]]>
              </value>
            </param>
            <param index="1">
              <value>
                <![CDATA[Windows]]>
              </value>
            </param>
          </params>
          <reporter-output>
          </reporter-output>
        </test-method> <!-- setup -->
        <test-method signature="verifyLogin(java.lang.String,java.lang.String,java.lang.String)[pri:0, instance:testCases.LoginTest@2dd29a59]" started-at="2024-09-08T14:23:39 IST" name="verifyLogin" data-provider="logindp" finished-at="2024-09-08T14:23:41 IST" duration-ms="1927" status="PASS">
          <params>
            <param index="0">
              <value>
                <![CDATA[abcdefg1@gmail.com]]>
              </value>
            </param>
            <param index="1">
              <value>
                <![CDATA[qwerty123456]]>
              </value>
            </param>
            <param index="2">
              <value>
                <![CDATA[valid]]>
              </value>
            </param>
          </params>
          <reporter-output>
          </reporter-output>
        </test-method> <!-- verifyLogin -->
        <test-method signature="verifyLogin(java.lang.String,java.lang.String,java.lang.String)[pri:0, instance:testCases.LoginTest@2dd29a59]" started-at="2024-09-08T14:23:41 IST" name="verifyLogin" data-provider="logindp" finished-at="2024-09-08T14:24:02 IST" duration-ms="20764" status="PASS">
          <params>
            <param index="0">
              <value>
                <![CDATA[heello@gmail.com]]>
              </value>
            </param>
            <param index="1">
              <value>
                <![CDATA[wrngpass123]]>
              </value>
            </param>
            <param index="2">
              <value>
                <![CDATA[invalid]]>
              </value>
            </param>
          </params>
          <reporter-output>
          </reporter-output>
        </test-method> <!-- verifyLogin -->
        <test-method is-config="true" signature="flush()[pri:0, instance:testCases.LoginTest@2dd29a59]" started-at="2024-09-08T14:24:02 IST" name="flush" finished-at="2024-09-08T14:24:02 IST" duration-ms="127" status="PASS">
          <reporter-output>
          </reporter-output>
        </test-method> <!-- flush -->
      </class> <!-- testCases.LoginTest -->
    </test> <!-- Test -->
  </suite> <!-- Suite -->
</testng-results>
