<?xml version="1.0" encoding="UTF-8"?>
<testsuite xmlns:xsi="http://www.w3.org/2001/XMLSchema-instance" xsi:noNamespaceSchemaLocation="https://maven.apache.org/surefire/maven-surefire-plugin/xsd/surefire-test-report-3.0.xsd" version="3.0" name="TestSuite" time="28.981" tests="3" errors="0" skipped="0" failures="0">
  <properties>
[...]
</properties>
  <testcase name="verifyLogin[abcdefg1@gmail.com, qwerty123456, valid](1)" classname="testCases.LoginTest" time="1.936">
    <system-out><![CDATA[14:23:37.266 [main] DEBUG org.testng.TestNG - suiteXmlPath: "/Users/gvig/eclipse-workspace/Opencart/master.xml"
14:23:38.884 [main] INFO  testCases.LoginTest - chrome Driver initiated!
14:23:39.063 [main] DEBUG org.apache.poi.openxml4j.opc.PackageRelationshipCollection - Parsing relationship: /xl/_rels/workbook.xml.rels
14:23:39.065 [main] DEBUG org.apache.poi.openxml4j.opc.PackageRelationshipCollection - Parsing relationship: /xl/worksheets/_rels/sheet1.xml.rels
14:23:39.066 [main] DEBUG org.apache.poi.openxml4j.opc.PackageRelationshipCollection - Parsing relationship: /_rels/.rels
14:23:39.336 [main] DEBUG org.apache.poi.openxml4j.opc.PackageRelationshipCollection - Parsing relationship: /xl/_rels/workbook.xml.rels
14:23:39.336 [main] DEBUG org.apache.poi.openxml4j.opc.PackageRelationshipCollection - Parsing relationship: /xl/worksheets/_rels/sheet1.xml.rels
14:23:39.337 [main] DEBUG org.apache.poi.openxml4j.opc.PackageRelationshipCollection - Parsing relationship: /_rels/.rels
14:23:39.353 [main] DEBUG org.apache.poi.openxml4j.opc.PackageRelationshipCollection - Parsing relationship: /xl/_rels/workbook.xml.rels
14:23:39.354 [main] DEBUG org.apache.poi.openxml4j.opc.PackageRelationshipCollection - Parsing relationship: /xl/worksheets/_rels/sheet1.xml.rels
14:23:39.354 [main] DEBUG org.apache.poi.openxml4j.opc.PackageRelationshipCollection - Parsing relationship: /_rels/.rels
14:23:39.374 [main] INFO  testCases.LoginTest - Test Started!
14:23:40.274 [main] INFO  testCases.LoginTest - Page Load completed!
]]></system-out>
  </testcase>
  <testcase name="verifyLogin[heello@gmail.com, wrngpass123, invalid](2)" classname="testCases.LoginTest" time="20.764">
    <system-out><![CDATA[14:23:41.310 [main] INFO  testCases.LoginTest - Test Started!
14:23:41.449 [main] INFO  testCases.LoginTest - Page Load completed!
]]></system-out>
  </testcase>
  <testcase name="newAccRegTest" classname="testCases.AccRegTest" time="1.838">
    <system-out><![CDATA[14:24:03.326 [main] INFO  testCases.AccRegTest - chrome Driver initiated!
14:24:03.362 [main] INFO  testCases.AccRegTest - Test Started!
14:24:04.076 [main] INFO  testCases.AccRegTest - page load completed!
14:24:05.198 [main] INFO  testCases.AccRegTest - proceeding to validation!
]]></system-out>
  </testcase>
</testsuite>