<?xml version="1.0" encoding="UTF-8"?>
<testng-results ignored="0" total="3" passed="3" failed="0" skipped="0">
  <reporter-output>
  </reporter-output>
  <suite started-at="2024-10-17T14:32:57 IST" name="Suite" finished-at="2024-10-17T14:33:35 IST" duration-ms="38039">
    <groups>
      <group name="Master">
        <method signature="AccRegTest.newAccRegTest()[pri:0, instance:testCases.AccRegTest@2d3379b4]" name="newAccRegTest" class="testCases.AccRegTest"/>
        <method signature="LoginTest.verifyLogin(java.lang.String,java.lang.String,java.lang.String)[pri:0, instance:testCases.LoginTest@397fbdb]" name="verifyLogin" class="testCases.LoginTest"/>
      </group> <!-- Master -->
      <group name="Sanity">
        <method signature="AccRegTest.newAccRegTest()[pri:0, instance:testCases.AccRegTest@2d3379b4]" name="newAccRegTest" class="testCases.AccRegTest"/>
      </group> <!-- Sanity -->
      <group name="DDT">
        <method signature="LoginTest.verifyLogin(java.lang.String,java.lang.String,java.lang.String)[pri:0, instance:testCases.LoginTest@397fbdb]" name="verifyLogin" class="testCases.LoginTest"/>
      </group> <!-- DDT -->
      <group name="Regression">
        <method signature="AccRegTest.newAccRegTest()[pri:0, instance:testCases.AccRegTest@2d3379b4]" name="newAccRegTest" class="testCases.AccRegTest"/>
        <method signature="LoginTest.verifyLogin(java.lang.String,java.lang.String,java.lang.String)[pri:0, instance:testCases.LoginTest@397fbdb]" name="verifyLogin" class="testCases.LoginTest"/>
      </group> <!-- Regression -->
    </groups>
    <test started-at="2024-10-17T14:32:57 IST" name="Test" finished-at="2024-10-17T14:33:35 IST" duration-ms="38039">
      <class name="testCases.LoginTest">
        <test-method is-config="true" signature="setup(java.lang.String,java.lang.String)[pri:0, instance:testCases.LoginTest@397fbdb]" started-at="2024-10-17T14:32:57 IST" name="setup" finished-at="2024-10-17T14:33:00 IST" duration-ms="2685" status="PASS">
          <params>
            <param index="0">
              <value>
                <![CDATA[chrome]]>
              </value>
            </param>
            <param index="1">
              <value>
                <![CDATA[Windows]]>
              </value>
            </param>
          </params>
          <reporter-output>
          </reporter-output>
        </test-method> <!-- setup -->
        <test-method signature="verifyLogin(java.lang.String,java.lang.String,java.lang.String)[pri:0, instance:testCases.LoginTest@397fbdb]" started-at="2024-10-17T14:33:00 IST" name="verifyLogin" data-provider="logindp" finished-at="2024-10-17T14:33:07 IST" duration-ms="6768" status="PASS">
          <params>
            <param index="0">
              <value>
                <![CDATA[abcdefg1@gmail.com]]>
              </value>
            </param>
            <param index="1">
              <value>
                <![CDATA[qwerty123456]]>
              </value>
            </param>
            <param index="2">
              <value>
                <![CDATA[valid]]>
              </value>
            </param>
          </params>
          <reporter-output>
          </reporter-output>
        </test-method> <!-- verifyLogin -->
        <test-method signature="verifyLogin(java.lang.String,java.lang.String,java.lang.String)[pri:0, instance:testCases.LoginTest@397fbdb]" started-at="2024-10-17T14:33:07 IST" name="verifyLogin" data-provider="logindp" finished-at="2024-10-17T14:33:29 IST" duration-ms="21518" status="PASS">
          <params>
            <param index="0">
              <value>
                <![CDATA[heello@gmail.com]]>
              </value>
            </param>
            <param index="1">
              <value>
                <![CDATA[wrngpass123]]>
              </value>
            </param>
            <param index="2">
              <value>
                <![CDATA[invalid]]>
              </value>
            </param>
          </params>
          <reporter-output>
          </reporter-output>
        </test-method> <!-- verifyLogin -->
        <test-method is-config="true" signature="flush()[pri:0, instance:testCases.LoginTest@397fbdb]" started-at="2024-10-17T14:33:29 IST" name="flush" finished-at="2024-10-17T14:33:29 IST" duration-ms="259" status="PASS">
          <reporter-output>
          </reporter-output>
        </test-method> <!-- flush -->
      </class> <!-- testCases.LoginTest -->
      <class name="testCases.AccRegTest">
        <test-method is-config="true" signature="setup(java.lang.String,java.lang.String)[pri:0, instance:testCases.AccRegTest@2d3379b4]" started-at="2024-10-17T14:33:29 IST" name="setup" finished-at="2024-10-17T14:33:31 IST" duration-ms="1620" status="PASS">
          <params>
            <param index="0">
              <value>
                <![CDATA[chrome]]>
              </value>
            </param>
            <param index="1">
              <value>
                <![CDATA[Windows]]>
              </value>
            </param>
          </params>
          <reporter-output>
          </reporter-output>
        </test-method> <!-- setup -->
        <test-method signature="newAccRegTest()[pri:0, instance:testCases.AccRegTest@2d3379b4]" started-at="2024-10-17T14:33:31 IST" name="newAccRegTest" finished-at="2024-10-17T14:33:34 IST" duration-ms="3801" status="PASS">
          <reporter-output>
          </reporter-output>
        </test-method> <!-- newAccRegTest -->
        <test-method is-config="true" signature="flush()[pri:0, instance:testCases.AccRegTest@2d3379b4]" started-at="2024-10-17T14:33:34 IST" name="flush" finished-at="2024-10-17T14:33:35 IST" duration-ms="188" status="PASS">
          <reporter-output>
          </reporter-output>
        </test-method> <!-- flush -->
      </class> <!-- testCases.AccRegTest -->
    </test> <!-- Test -->
  </suite> <!-- Suite -->
</testng-results>
